[2022-12-24T10:07:29.610+0000] {taskinstance.py:1087} INFO - Dependencies all met for <TaskInstance: sparkify_etl_airflow.Stage_events scheduled__2022-12-23T00:00:00+00:00 [queued]>
[2022-12-24T10:07:29.746+0000] {taskinstance.py:1087} INFO - Dependencies all met for <TaskInstance: sparkify_etl_airflow.Stage_events scheduled__2022-12-23T00:00:00+00:00 [queued]>
[2022-12-24T10:07:29.746+0000] {taskinstance.py:1283} INFO - 
--------------------------------------------------------------------------------
[2022-12-24T10:07:29.747+0000] {taskinstance.py:1284} INFO - Starting attempt 1 of 4
[2022-12-24T10:07:29.747+0000] {taskinstance.py:1285} INFO - 
--------------------------------------------------------------------------------
[2022-12-24T10:07:29.934+0000] {taskinstance.py:1304} INFO - Executing <Task(StageToRedshiftOperator): Stage_events> on 2022-12-23 00:00:00+00:00
[2022-12-24T10:07:29.950+0000] {standard_task_runner.py:55} INFO - Started process 122 to run task
[2022-12-24T10:07:29.966+0000] {standard_task_runner.py:82} INFO - Running: ['***', 'tasks', 'run', 'sparkify_etl_***', 'Stage_events', 'scheduled__2022-12-23T00:00:00+00:00', '--job-id', '123', '--raw', '--subdir', 'DAGS_FOLDER/s3_to_redshift.py', '--cfg-path', '/tmp/tmplj_vfh6v']
[2022-12-24T10:07:29.968+0000] {standard_task_runner.py:83} INFO - Job 123: Subtask Stage_events
[2022-12-24T10:07:30.131+0000] {task_command.py:389} INFO - Running <TaskInstance: sparkify_etl_airflow.Stage_events scheduled__2022-12-23T00:00:00+00:00 [running]> on host b66335ff10dd
[2022-12-24T10:07:30.729+0000] {taskinstance.py:1513} INFO - Exporting the following env vars:
AIRFLOW_CTX_DAG_OWNER=bala
AIRFLOW_CTX_DAG_ID=sparkify_etl_***
AIRFLOW_CTX_TASK_ID=Stage_events
AIRFLOW_CTX_EXECUTION_DATE=2022-12-23T00:00:00+00:00
AIRFLOW_CTX_TRY_NUMBER=1
AIRFLOW_CTX_DAG_RUN_ID=scheduled__2022-12-23T00:00:00+00:00
[2022-12-24T10:07:30.759+0000] {base.py:73} INFO - Using connection ID 'aws_credentials' for task execution.
[2022-12-24T10:07:30.759+0000] {connection_wrapper.py:332} INFO - AWS Connection (conn_id='aws_credentials', conn_type='aws') credentials retrieved from login and password.
[2022-12-24T10:07:30.846+0000] {stage_redshift.py:45} INFO - Copying data from S3 to Redshift staging staging_events table
[2022-12-24T10:07:30.846+0000] {warnings.py:110} WARNING - /home/***/.local/lib/python3.7/site-packages/***/utils/context.py:205: AirflowContextDeprecationWarning: Accessing 'execution_date' from the template is deprecated and will be removed in a future version. Please use 'data_interval_start' or 'logical_date' instead.
  warnings.warn(_create_deprecation_warning(key, self._deprecation_replacements[key]))

[2022-12-24T10:07:30.847+0000] {warnings.py:110} WARNING - /home/***/.local/lib/python3.7/site-packages/***/utils/context.py:205: AirflowContextDeprecationWarning: Accessing 'next_ds' from the template is deprecated and will be removed in a future version. Please use '{{ data_interval_end | ds }}' instead.
  warnings.warn(_create_deprecation_warning(key, self._deprecation_replacements[key]))

[2022-12-24T10:07:30.847+0000] {warnings.py:110} WARNING - /home/***/.local/lib/python3.7/site-packages/***/utils/context.py:205: AirflowContextDeprecationWarning: Accessing 'next_ds_nodash' from the template is deprecated and will be removed in a future version. Please use '{{ data_interval_end | ds_nodash }}' instead.
  warnings.warn(_create_deprecation_warning(key, self._deprecation_replacements[key]))

[2022-12-24T10:07:30.847+0000] {warnings.py:110} WARNING - /home/***/.local/lib/python3.7/site-packages/***/utils/context.py:205: AirflowContextDeprecationWarning: Accessing 'next_execution_date' from the template is deprecated and will be removed in a future version. Please use 'data_interval_end' instead.
  warnings.warn(_create_deprecation_warning(key, self._deprecation_replacements[key]))

[2022-12-24T10:07:30.847+0000] {warnings.py:110} WARNING - /home/***/.local/lib/python3.7/site-packages/***/utils/context.py:205: AirflowContextDeprecationWarning: Accessing 'prev_ds' from the template is deprecated and will be removed in a future version.
  warnings.warn(_create_deprecation_warning(key, self._deprecation_replacements[key]))

[2022-12-24T10:07:30.848+0000] {warnings.py:110} WARNING - /home/***/.local/lib/python3.7/site-packages/***/utils/context.py:205: AirflowContextDeprecationWarning: Accessing 'prev_ds_nodash' from the template is deprecated and will be removed in a future version.
  warnings.warn(_create_deprecation_warning(key, self._deprecation_replacements[key]))

[2022-12-24T10:07:30.848+0000] {warnings.py:110} WARNING - /home/***/.local/lib/python3.7/site-packages/***/utils/context.py:205: AirflowContextDeprecationWarning: Accessing 'prev_execution_date' from the template is deprecated and will be removed in a future version.
  warnings.warn(_create_deprecation_warning(key, self._deprecation_replacements[key]))

[2022-12-24T10:07:30.848+0000] {warnings.py:110} WARNING - /home/***/.local/lib/python3.7/site-packages/***/utils/context.py:205: AirflowContextDeprecationWarning: Accessing 'prev_execution_date_success' from the template is deprecated and will be removed in a future version. Please use 'prev_data_interval_start_success' instead.
  warnings.warn(_create_deprecation_warning(key, self._deprecation_replacements[key]))

[2022-12-24T10:07:30.848+0000] {warnings.py:110} WARNING - /home/***/.local/lib/python3.7/site-packages/***/utils/context.py:205: AirflowContextDeprecationWarning: Accessing 'tomorrow_ds' from the template is deprecated and will be removed in a future version.
  warnings.warn(_create_deprecation_warning(key, self._deprecation_replacements[key]))

[2022-12-24T10:07:30.849+0000] {warnings.py:110} WARNING - /home/***/.local/lib/python3.7/site-packages/***/utils/context.py:205: AirflowContextDeprecationWarning: Accessing 'tomorrow_ds_nodash' from the template is deprecated and will be removed in a future version.
  warnings.warn(_create_deprecation_warning(key, self._deprecation_replacements[key]))

[2022-12-24T10:07:30.849+0000] {warnings.py:110} WARNING - /home/***/.local/lib/python3.7/site-packages/***/utils/context.py:205: AirflowContextDeprecationWarning: Accessing 'yesterday_ds' from the template is deprecated and will be removed in a future version.
  warnings.warn(_create_deprecation_warning(key, self._deprecation_replacements[key]))

[2022-12-24T10:07:30.849+0000] {warnings.py:110} WARNING - /home/***/.local/lib/python3.7/site-packages/***/utils/context.py:205: AirflowContextDeprecationWarning: Accessing 'yesterday_ds_nodash' from the template is deprecated and will be removed in a future version.
  warnings.warn(_create_deprecation_warning(key, self._deprecation_replacements[key]))

[2022-12-24T10:07:30.849+0000] {stage_redshift.py:47} INFO - Rendered Key: log_data
[2022-12-24T10:07:30.849+0000] {stage_redshift.py:59} INFO - Executing query to copy data from 's3://udacity-dend/log_data' to 'staging_events'
[2022-12-24T10:07:30.858+0000] {base.py:73} INFO - Using connection ID 'redshift' for task execution.
[2022-12-24T10:07:31.572+0000] {sql.py:364} INFO - Running statement: 
        COPY staging_events
        FROM 's3://udacity-dend/log_data'
        ACCESS_KEY_ID 'AKIAQYFB5QCYRS2HRLUF'
        SECRET_ACCESS_KEY '***'
        REGION AS 'us-west-2'
        FORMAT AS JSON 's3://udacity-dend/log_json_path.json'
        ;
    , parameters: None
[2022-12-24T10:08:07.797+0000] {taskinstance.py:1327} INFO - Marking task as SUCCESS. dag_id=sparkify_etl_***, task_id=Stage_events, execution_date=20221223T000000, start_date=20221224T100729, end_date=20221224T100807
[2022-12-24T10:08:07.913+0000] {local_task_job.py:159} INFO - Task exited with return code 0
[2022-12-24T10:08:07.966+0000] {taskinstance.py:2582} INFO - 0 downstream tasks scheduled from follow-on schedule check
