[2022-12-24T12:39:05.953+0000] {taskinstance.py:1087} INFO - Dependencies all met for <TaskInstance: ETL_toll_data.unzip_data manual__2022-12-24T12:35:50.603481+00:00 [queued]>
[2022-12-24T12:39:05.973+0000] {taskinstance.py:1087} INFO - Dependencies all met for <TaskInstance: ETL_toll_data.unzip_data manual__2022-12-24T12:35:50.603481+00:00 [queued]>
[2022-12-24T12:39:05.974+0000] {taskinstance.py:1283} INFO - 
--------------------------------------------------------------------------------
[2022-12-24T12:39:05.974+0000] {taskinstance.py:1284} INFO - Starting attempt 1 of 2
[2022-12-24T12:39:05.974+0000] {taskinstance.py:1285} INFO - 
--------------------------------------------------------------------------------
[2022-12-24T12:39:06.008+0000] {taskinstance.py:1304} INFO - Executing <Task(BashOperator): unzip_data> on 2022-12-24 12:35:50.603481+00:00
[2022-12-24T12:39:06.017+0000] {standard_task_runner.py:55} INFO - Started process 70 to run task
[2022-12-24T12:39:06.024+0000] {standard_task_runner.py:82} INFO - Running: ['***', 'tasks', 'run', 'ETL_toll_data', 'unzip_data', 'manual__2022-12-24T12:35:50.603481+00:00', '--job-id', '139', '--raw', '--subdir', 'DAGS_FOLDER/toll_data_etl.py', '--cfg-path', '/tmp/tmp5zm3lpsu']
[2022-12-24T12:39:06.025+0000] {standard_task_runner.py:83} INFO - Job 139: Subtask unzip_data
[2022-12-24T12:39:06.166+0000] {task_command.py:389} INFO - Running <TaskInstance: ETL_toll_data.unzip_data manual__2022-12-24T12:35:50.603481+00:00 [running]> on host ea748eb5c826
[2022-12-24T12:39:06.357+0000] {taskinstance.py:1513} INFO - Exporting the following env vars:
AIRFLOW_CTX_DAG_EMAIL=bala@yopmail.com
AIRFLOW_CTX_DAG_OWNER=bala
AIRFLOW_CTX_DAG_ID=ETL_toll_data
AIRFLOW_CTX_TASK_ID=unzip_data
AIRFLOW_CTX_EXECUTION_DATE=2022-12-24T12:35:50.603481+00:00
AIRFLOW_CTX_TRY_NUMBER=1
AIRFLOW_CTX_DAG_RUN_ID=manual__2022-12-24T12:35:50.603481+00:00
[2022-12-24T12:39:06.359+0000] {subprocess.py:63} INFO - Tmp dir root location: 
 /tmp
[2022-12-24T12:39:06.360+0000] {subprocess.py:75} INFO - Running command: ['/bin/bash', '-c', 'wget https://cf-courses-data.s3.us.cloud-object-storage.appdomain.cloud/IBM-DB0250EN-SkillsNetwork/labs/Final%20Assignment/tolldata.tgz &&  tar zxvf tolldata.tgz -C ./']
[2022-12-24T12:39:06.376+0000] {subprocess.py:86} INFO - Output:
[2022-12-24T12:39:06.461+0000] {subprocess.py:93} INFO - --2022-12-24 12:39:06--  https://cf-courses-data.s3.us.cloud-object-storage.appdomain.cloud/IBM-DB0250EN-SkillsNetwork/labs/Final%20Assignment/tolldata.tgz
[2022-12-24T12:39:07.165+0000] {subprocess.py:93} INFO - Resolving cf-courses-data.s3.us.cloud-object-storage.appdomain.cloud (cf-courses-data.s3.us.cloud-object-storage.appdomain.cloud)... 169.63.118.104
[2022-12-24T12:39:22.934+0000] {subprocess.py:93} INFO - Connecting to cf-courses-data.s3.us.cloud-object-storage.appdomain.cloud (cf-courses-data.s3.us.cloud-object-storage.appdomain.cloud)|169.63.118.104|:443... connected.
[2022-12-24T12:39:24.675+0000] {subprocess.py:93} INFO - HTTP request sent, awaiting response... 200 OK
[2022-12-24T12:39:24.675+0000] {subprocess.py:93} INFO - Length: 528994 (517K) [application/x-tar]
[2022-12-24T12:39:24.676+0000] {subprocess.py:93} INFO - Saving to: ‘tolldata.tgz’
[2022-12-24T12:39:24.676+0000] {subprocess.py:93} INFO - 
[2022-12-24T12:39:26.314+0000] {subprocess.py:93} INFO -      0K .......... .......... .......... .......... ..........  9% 30.5K 15s
[2022-12-24T12:39:27.545+0000] {subprocess.py:93} INFO -     50K .......... .......... .......... .......... .......... 19% 40.6K 12s
[2022-12-24T12:39:28.774+0000] {subprocess.py:93} INFO -    100K .......... .......... .......... .......... .......... 29% 40.7K 10s
[2022-12-24T12:39:29.663+0000] {subprocess.py:93} INFO -    150K .......... .......... .......... .......... .......... 38% 56.2K 8s
[2022-12-24T12:39:30.553+0000] {subprocess.py:93} INFO -    200K .......... .......... .......... .......... .......... 48% 56.2K 6s
[2022-12-24T12:39:31.147+0000] {subprocess.py:93} INFO -    250K .......... .......... .......... .......... .......... 58% 84.2K 5s
[2022-12-24T12:39:31.742+0000] {subprocess.py:93} INFO -    300K .......... .......... .......... .......... .......... 67% 84.0K 3s
[2022-12-24T12:39:32.633+0000] {subprocess.py:93} INFO -    350K .......... .......... .......... .......... .......... 77% 56.4K 2s
[2022-12-24T12:39:33.228+0000] {subprocess.py:93} INFO -    400K .......... .......... .......... .......... .......... 87% 83.4K 1s
[2022-12-24T12:39:33.819+0000] {subprocess.py:93} INFO -    450K .......... .......... .......... .......... .......... 96% 84.7K 0s
[2022-12-24T12:39:33.820+0000] {subprocess.py:93} INFO -    500K .......... ......                                     100% 40.9M=9.1s
[2022-12-24T12:39:33.820+0000] {subprocess.py:93} INFO - 
[2022-12-24T12:39:33.821+0000] {subprocess.py:93} INFO - 2022-12-24 12:39:33 (56.5 KB/s) - ‘tolldata.tgz’ saved [528994/528994]
[2022-12-24T12:39:33.821+0000] {subprocess.py:93} INFO - 
[2022-12-24T12:39:33.910+0000] {subprocess.py:93} INFO - fileformats.txt
[2022-12-24T12:39:33.911+0000] {subprocess.py:93} INFO - payment-data.txt
[2022-12-24T12:39:33.925+0000] {subprocess.py:93} INFO - ._tollplaza-data.tsv
[2022-12-24T12:39:33.926+0000] {subprocess.py:93} INFO - tollplaza-data.tsv
[2022-12-24T12:39:33.938+0000] {subprocess.py:93} INFO - ._vehicle-data.csv
[2022-12-24T12:39:33.939+0000] {subprocess.py:93} INFO - vehicle-data.csv
[2022-12-24T12:39:33.944+0000] {subprocess.py:97} INFO - Command exited with return code 0
[2022-12-24T12:39:33.992+0000] {taskinstance.py:1327} INFO - Marking task as SUCCESS. dag_id=ETL_toll_data, task_id=unzip_data, execution_date=20221224T123550, start_date=20221224T123905, end_date=20221224T123933
[2022-12-24T12:39:34.091+0000] {local_task_job.py:159} INFO - Task exited with return code 0
[2022-12-24T12:39:34.123+0000] {taskinstance.py:2582} INFO - 1 downstream tasks scheduled from follow-on schedule check
