[2022-12-24T12:49:09.429+0000] {taskinstance.py:1087} INFO - Dependencies all met for <TaskInstance: ETL_toll_data.unzip_data manual__2022-12-24T12:35:50.603481+00:00 [queued]>
[2022-12-24T12:49:09.440+0000] {taskinstance.py:1087} INFO - Dependencies all met for <TaskInstance: ETL_toll_data.unzip_data manual__2022-12-24T12:35:50.603481+00:00 [queued]>
[2022-12-24T12:49:09.440+0000] {taskinstance.py:1283} INFO - 
--------------------------------------------------------------------------------
[2022-12-24T12:49:09.440+0000] {taskinstance.py:1284} INFO - Starting attempt 2 of 3
[2022-12-24T12:49:09.440+0000] {taskinstance.py:1285} INFO - 
--------------------------------------------------------------------------------
[2022-12-24T12:49:09.463+0000] {taskinstance.py:1304} INFO - Executing <Task(BashOperator): unzip_data> on 2022-12-24 12:35:50.603481+00:00
[2022-12-24T12:49:09.471+0000] {standard_task_runner.py:55} INFO - Started process 328 to run task
[2022-12-24T12:49:09.476+0000] {standard_task_runner.py:82} INFO - Running: ['***', 'tasks', 'run', 'ETL_toll_data', 'unzip_data', 'manual__2022-12-24T12:35:50.603481+00:00', '--job-id', '144', '--raw', '--subdir', 'DAGS_FOLDER/toll_data_etl.py', '--cfg-path', '/tmp/tmpx19fvkj7']
[2022-12-24T12:49:09.477+0000] {standard_task_runner.py:83} INFO - Job 144: Subtask unzip_data
[2022-12-24T12:49:09.559+0000] {task_command.py:389} INFO - Running <TaskInstance: ETL_toll_data.unzip_data manual__2022-12-24T12:35:50.603481+00:00 [running]> on host ea748eb5c826
[2022-12-24T12:49:09.646+0000] {taskinstance.py:1513} INFO - Exporting the following env vars:
AIRFLOW_CTX_DAG_EMAIL=bala@yopmail.com
AIRFLOW_CTX_DAG_OWNER=bala
AIRFLOW_CTX_DAG_ID=ETL_toll_data
AIRFLOW_CTX_TASK_ID=unzip_data
AIRFLOW_CTX_EXECUTION_DATE=2022-12-24T12:35:50.603481+00:00
AIRFLOW_CTX_TRY_NUMBER=2
AIRFLOW_CTX_DAG_RUN_ID=manual__2022-12-24T12:35:50.603481+00:00
[2022-12-24T12:49:09.646+0000] {subprocess.py:63} INFO - Tmp dir root location: 
 /tmp
[2022-12-24T12:49:09.647+0000] {subprocess.py:75} INFO - Running command: ['/bin/bash', '-c', 'wget https://cf-courses-data.s3.us.cloud-object-storage.appdomain.cloud/IBM-DB0250EN-SkillsNetwork/labs/Final%20Assignment/tolldata.tgz &&  tar zxvf tolldata.tgz -C ./']
[2022-12-24T12:49:09.662+0000] {subprocess.py:86} INFO - Output:
[2022-12-24T12:49:09.668+0000] {subprocess.py:93} INFO - --2022-12-24 12:49:09--  https://cf-courses-data.s3.us.cloud-object-storage.appdomain.cloud/IBM-DB0250EN-SkillsNetwork/labs/Final%20Assignment/tolldata.tgz
[2022-12-24T12:49:10.460+0000] {subprocess.py:93} INFO - Resolving cf-courses-data.s3.us.cloud-object-storage.appdomain.cloud (cf-courses-data.s3.us.cloud-object-storage.appdomain.cloud)... 169.45.118.108
[2022-12-24T12:49:10.766+0000] {subprocess.py:93} INFO - Connecting to cf-courses-data.s3.us.cloud-object-storage.appdomain.cloud (cf-courses-data.s3.us.cloud-object-storage.appdomain.cloud)|169.45.118.108|:443... connected.
[2022-12-24T12:49:11.793+0000] {subprocess.py:93} INFO - HTTP request sent, awaiting response... 200 OK
[2022-12-24T12:49:11.793+0000] {subprocess.py:93} INFO - Length: 528994 (517K) [application/x-tar]
[2022-12-24T12:49:11.793+0000] {subprocess.py:93} INFO - Saving to: ‘tolldata.tgz’
[2022-12-24T12:49:11.794+0000] {subprocess.py:93} INFO - 
[2022-12-24T12:49:12.238+0000] {subprocess.py:93} INFO -      0K .......... .......... .......... .......... ..........  9%  112K 4s
[2022-12-24T12:49:12.506+0000] {subprocess.py:93} INFO -     50K .......... .......... .......... .......... .......... 19%  186K 3s
[2022-12-24T12:49:12.513+0000] {subprocess.py:93} INFO -    100K .......... .......... .......... .......... .......... 29% 6.67M 2s
[2022-12-24T12:49:13.124+0000] {subprocess.py:93} INFO -    150K .......... .......... .......... .......... .......... 38% 81.9K 2s
[2022-12-24T12:49:13.126+0000] {subprocess.py:93} INFO -    200K .......... .......... .......... .......... .......... 48% 16.0M 1s
[2022-12-24T12:49:13.127+0000] {subprocess.py:93} INFO -    250K .......... .......... .......... .......... .......... 58%  245M 1s
[2022-12-24T12:49:13.362+0000] {subprocess.py:93} INFO -    300K .......... .......... .......... .......... .......... 67%  212K 1s
[2022-12-24T12:49:13.373+0000] {subprocess.py:93} INFO -    350K .......... .......... .......... .......... .......... 77% 4.58M 0s
[2022-12-24T12:49:13.373+0000] {subprocess.py:93} INFO -    400K .......... .......... .......... .......... .......... 87%  250M 0s
[2022-12-24T12:49:13.611+0000] {subprocess.py:93} INFO -    450K .......... .......... .......... .......... .......... 96%  211K 0s
[2022-12-24T12:49:13.613+0000] {subprocess.py:93} INFO -    500K .......... ......                                     100% 7.33M=1.8s
[2022-12-24T12:49:13.613+0000] {subprocess.py:93} INFO - 
[2022-12-24T12:49:13.613+0000] {subprocess.py:93} INFO - 2022-12-24 12:49:13 (284 KB/s) - ‘tolldata.tgz’ saved [528994/528994]
[2022-12-24T12:49:13.613+0000] {subprocess.py:93} INFO - 
[2022-12-24T12:49:13.618+0000] {subprocess.py:93} INFO - fileformats.txt
[2022-12-24T12:49:13.618+0000] {subprocess.py:93} INFO - payment-data.txt
[2022-12-24T12:49:13.622+0000] {subprocess.py:93} INFO - ._tollplaza-data.tsv
[2022-12-24T12:49:13.622+0000] {subprocess.py:93} INFO - tollplaza-data.tsv
[2022-12-24T12:49:13.626+0000] {subprocess.py:93} INFO - ._vehicle-data.csv
[2022-12-24T12:49:13.626+0000] {subprocess.py:93} INFO - vehicle-data.csv
[2022-12-24T12:49:13.629+0000] {subprocess.py:97} INFO - Command exited with return code 0
[2022-12-24T12:49:13.671+0000] {taskinstance.py:1327} INFO - Marking task as SUCCESS. dag_id=ETL_toll_data, task_id=unzip_data, execution_date=20221224T123550, start_date=20221224T124909, end_date=20221224T124913
[2022-12-24T12:49:13.705+0000] {local_task_job.py:159} INFO - Task exited with return code 0
[2022-12-24T12:49:13.737+0000] {taskinstance.py:2582} INFO - 1 downstream tasks scheduled from follow-on schedule check
