[2022-12-24T12:49:15.249+0000] {taskinstance.py:1087} INFO - Dependencies all met for <TaskInstance: ETL_toll_data.unzip_data manual__2022-12-24T11:15:53.487617+00:00 [queued]>
[2022-12-24T12:49:15.260+0000] {taskinstance.py:1087} INFO - Dependencies all met for <TaskInstance: ETL_toll_data.unzip_data manual__2022-12-24T11:15:53.487617+00:00 [queued]>
[2022-12-24T12:49:15.260+0000] {taskinstance.py:1283} INFO - 
--------------------------------------------------------------------------------
[2022-12-24T12:49:15.260+0000] {taskinstance.py:1284} INFO - Starting attempt 3 of 4
[2022-12-24T12:49:15.260+0000] {taskinstance.py:1285} INFO - 
--------------------------------------------------------------------------------
[2022-12-24T12:49:15.286+0000] {taskinstance.py:1304} INFO - Executing <Task(BashOperator): unzip_data> on 2022-12-24 11:15:53.487617+00:00
[2022-12-24T12:49:15.291+0000] {standard_task_runner.py:55} INFO - Started process 334 to run task
[2022-12-24T12:49:15.295+0000] {standard_task_runner.py:82} INFO - Running: ['***', 'tasks', 'run', 'ETL_toll_data', 'unzip_data', 'manual__2022-12-24T11:15:53.487617+00:00', '--job-id', '145', '--raw', '--subdir', 'DAGS_FOLDER/toll_data_etl.py', '--cfg-path', '/tmp/tmpq646yp0a']
[2022-12-24T12:49:15.295+0000] {standard_task_runner.py:83} INFO - Job 145: Subtask unzip_data
[2022-12-24T12:49:15.379+0000] {task_command.py:389} INFO - Running <TaskInstance: ETL_toll_data.unzip_data manual__2022-12-24T11:15:53.487617+00:00 [running]> on host ea748eb5c826
[2022-12-24T12:49:15.531+0000] {taskinstance.py:1513} INFO - Exporting the following env vars:
AIRFLOW_CTX_DAG_EMAIL=bala@yopmail.com
AIRFLOW_CTX_DAG_OWNER=bala
AIRFLOW_CTX_DAG_ID=ETL_toll_data
AIRFLOW_CTX_TASK_ID=unzip_data
AIRFLOW_CTX_EXECUTION_DATE=2022-12-24T11:15:53.487617+00:00
AIRFLOW_CTX_TRY_NUMBER=3
AIRFLOW_CTX_DAG_RUN_ID=manual__2022-12-24T11:15:53.487617+00:00
[2022-12-24T12:49:15.532+0000] {subprocess.py:63} INFO - Tmp dir root location: 
 /tmp
[2022-12-24T12:49:15.533+0000] {subprocess.py:75} INFO - Running command: ['/bin/bash', '-c', 'wget https://cf-courses-data.s3.us.cloud-object-storage.appdomain.cloud/IBM-DB0250EN-SkillsNetwork/labs/Final%20Assignment/tolldata.tgz &&  tar zxvf tolldata.tgz -C ./']
[2022-12-24T12:49:15.563+0000] {subprocess.py:86} INFO - Output:
[2022-12-24T12:49:15.571+0000] {subprocess.py:93} INFO - --2022-12-24 12:49:15--  https://cf-courses-data.s3.us.cloud-object-storage.appdomain.cloud/IBM-DB0250EN-SkillsNetwork/labs/Final%20Assignment/tolldata.tgz
[2022-12-24T12:49:15.843+0000] {subprocess.py:93} INFO - Resolving cf-courses-data.s3.us.cloud-object-storage.appdomain.cloud (cf-courses-data.s3.us.cloud-object-storage.appdomain.cloud)... 169.45.118.108
[2022-12-24T12:49:16.073+0000] {subprocess.py:93} INFO - Connecting to cf-courses-data.s3.us.cloud-object-storage.appdomain.cloud (cf-courses-data.s3.us.cloud-object-storage.appdomain.cloud)|169.45.118.108|:443... connected.
[2022-12-24T12:49:17.012+0000] {subprocess.py:93} INFO - HTTP request sent, awaiting response... 200 OK
[2022-12-24T12:49:17.013+0000] {subprocess.py:93} INFO - Length: 528994 (517K) [application/x-tar]
[2022-12-24T12:49:17.013+0000] {subprocess.py:93} INFO - Saving to: ‘tolldata.tgz’
[2022-12-24T12:49:17.013+0000] {subprocess.py:93} INFO - 
[2022-12-24T12:49:17.627+0000] {subprocess.py:93} INFO -      0K .......... .......... .......... .......... ..........  9% 81.5K 6s
[2022-12-24T12:49:17.933+0000] {subprocess.py:93} INFO -     50K .......... .......... .......... .......... .......... 19%  163K 4s
[2022-12-24T12:49:17.936+0000] {subprocess.py:93} INFO -    100K .......... .......... .......... .......... .......... 29% 14.7M 2s
[2022-12-24T12:49:18.549+0000] {subprocess.py:93} INFO -    150K .......... .......... .......... .......... .......... 38% 81.6K 2s
[2022-12-24T12:49:18.551+0000] {subprocess.py:93} INFO -    200K .......... .......... .......... .......... .......... 48% 24.4M 2s
[2022-12-24T12:49:18.552+0000] {subprocess.py:93} INFO -    250K .......... .......... .......... .......... .......... 58% 49.9M 1s
[2022-12-24T12:49:18.859+0000] {subprocess.py:93} INFO -    300K .......... .......... .......... .......... .......... 67%  163K 1s
[2022-12-24T12:49:21.523+0000] {subprocess.py:93} INFO -    350K .......... .......... .......... .......... .......... 77% 18.8K 1s
[2022-12-24T12:49:21.525+0000] {subprocess.py:93} INFO -    400K .......... .......... .......... .......... .......... 87% 19.2M 1s
[2022-12-24T12:49:21.526+0000] {subprocess.py:93} INFO -    450K .......... .......... .......... .......... .......... 96%  106M 0s
[2022-12-24T12:49:21.526+0000] {subprocess.py:93} INFO -    500K .......... ......                                     100%  117M=4.5s
[2022-12-24T12:49:21.526+0000] {subprocess.py:93} INFO - 
[2022-12-24T12:49:21.527+0000] {subprocess.py:93} INFO - 2022-12-24 12:49:21 (114 KB/s) - ‘tolldata.tgz’ saved [528994/528994]
[2022-12-24T12:49:21.527+0000] {subprocess.py:93} INFO - 
[2022-12-24T12:49:21.535+0000] {subprocess.py:93} INFO - fileformats.txt
[2022-12-24T12:49:21.536+0000] {subprocess.py:93} INFO - payment-data.txt
[2022-12-24T12:49:21.543+0000] {subprocess.py:93} INFO - ._tollplaza-data.tsv
[2022-12-24T12:49:21.544+0000] {subprocess.py:93} INFO - tollplaza-data.tsv
[2022-12-24T12:49:21.551+0000] {subprocess.py:93} INFO - ._vehicle-data.csv
[2022-12-24T12:49:21.552+0000] {subprocess.py:93} INFO - vehicle-data.csv
[2022-12-24T12:49:21.558+0000] {subprocess.py:97} INFO - Command exited with return code 0
[2022-12-24T12:49:21.606+0000] {taskinstance.py:1327} INFO - Marking task as SUCCESS. dag_id=ETL_toll_data, task_id=unzip_data, execution_date=20221224T111553, start_date=20221224T124915, end_date=20221224T124921
[2022-12-24T12:49:21.808+0000] {local_task_job.py:159} INFO - Task exited with return code 0
[2022-12-24T12:49:21.853+0000] {taskinstance.py:2582} INFO - 1 downstream tasks scheduled from follow-on schedule check
