[2022-12-24T12:49:28.849+0000] {taskinstance.py:1087} INFO - Dependencies all met for <TaskInstance: ETL_toll_data.unzip_data manual__2022-12-19T17:46:55.680150+00:00 [queued]>
[2022-12-24T12:49:28.869+0000] {taskinstance.py:1087} INFO - Dependencies all met for <TaskInstance: ETL_toll_data.unzip_data manual__2022-12-19T17:46:55.680150+00:00 [queued]>
[2022-12-24T12:49:28.869+0000] {taskinstance.py:1283} INFO - 
--------------------------------------------------------------------------------
[2022-12-24T12:49:28.869+0000] {taskinstance.py:1284} INFO - Starting attempt 3 of 4
[2022-12-24T12:49:28.870+0000] {taskinstance.py:1285} INFO - 
--------------------------------------------------------------------------------
[2022-12-24T12:49:28.902+0000] {taskinstance.py:1304} INFO - Executing <Task(BashOperator): unzip_data> on 2022-12-19 17:46:55.680150+00:00
[2022-12-24T12:49:28.911+0000] {standard_task_runner.py:55} INFO - Started process 371 to run task
[2022-12-24T12:49:28.919+0000] {standard_task_runner.py:82} INFO - Running: ['***', 'tasks', 'run', 'ETL_toll_data', 'unzip_data', 'manual__2022-12-19T17:46:55.680150+00:00', '--job-id', '150', '--raw', '--subdir', 'DAGS_FOLDER/toll_data_etl.py', '--cfg-path', '/tmp/tmp293vdyaw']
[2022-12-24T12:49:28.920+0000] {standard_task_runner.py:83} INFO - Job 150: Subtask unzip_data
[2022-12-24T12:49:29.040+0000] {task_command.py:389} INFO - Running <TaskInstance: ETL_toll_data.unzip_data manual__2022-12-19T17:46:55.680150+00:00 [running]> on host ea748eb5c826
[2022-12-24T12:49:29.193+0000] {taskinstance.py:1513} INFO - Exporting the following env vars:
AIRFLOW_CTX_DAG_EMAIL=bala@yopmail.com
AIRFLOW_CTX_DAG_OWNER=bala
AIRFLOW_CTX_DAG_ID=ETL_toll_data
AIRFLOW_CTX_TASK_ID=unzip_data
AIRFLOW_CTX_EXECUTION_DATE=2022-12-19T17:46:55.680150+00:00
AIRFLOW_CTX_TRY_NUMBER=3
AIRFLOW_CTX_DAG_RUN_ID=manual__2022-12-19T17:46:55.680150+00:00
[2022-12-24T12:49:29.194+0000] {subprocess.py:63} INFO - Tmp dir root location: 
 /tmp
[2022-12-24T12:49:29.195+0000] {subprocess.py:75} INFO - Running command: ['/bin/bash', '-c', 'wget https://cf-courses-data.s3.us.cloud-object-storage.appdomain.cloud/IBM-DB0250EN-SkillsNetwork/labs/Final%20Assignment/tolldata.tgz &&  tar zxvf tolldata.tgz -C ./']
[2022-12-24T12:49:29.210+0000] {subprocess.py:86} INFO - Output:
[2022-12-24T12:49:29.216+0000] {subprocess.py:93} INFO - --2022-12-24 12:49:29--  https://cf-courses-data.s3.us.cloud-object-storage.appdomain.cloud/IBM-DB0250EN-SkillsNetwork/labs/Final%20Assignment/tolldata.tgz
[2022-12-24T12:49:29.626+0000] {subprocess.py:93} INFO - Resolving cf-courses-data.s3.us.cloud-object-storage.appdomain.cloud (cf-courses-data.s3.us.cloud-object-storage.appdomain.cloud)... 169.45.118.108
[2022-12-24T12:49:29.913+0000] {subprocess.py:93} INFO - Connecting to cf-courses-data.s3.us.cloud-object-storage.appdomain.cloud (cf-courses-data.s3.us.cloud-object-storage.appdomain.cloud)|169.45.118.108|:443... connected.
[2022-12-24T12:49:30.940+0000] {subprocess.py:93} INFO - HTTP request sent, awaiting response... 200 OK
[2022-12-24T12:49:30.940+0000] {subprocess.py:93} INFO - Length: 528994 (517K) [application/x-tar]
[2022-12-24T12:49:30.941+0000] {subprocess.py:93} INFO - Saving to: ‘tolldata.tgz’
[2022-12-24T12:49:30.941+0000] {subprocess.py:93} INFO - 
[2022-12-24T12:49:31.552+0000] {subprocess.py:93} INFO -      0K .......... .......... .......... .......... ..........  9% 81.7K 6s
[2022-12-24T12:49:31.858+0000] {subprocess.py:93} INFO -     50K .......... .......... .......... .......... .......... 19%  163K 4s
[2022-12-24T12:49:31.861+0000] {subprocess.py:93} INFO -    100K .......... .......... .......... .......... .......... 29% 14.5M 2s
[2022-12-24T12:49:32.329+0000] {subprocess.py:93} INFO -    150K .......... .......... .......... .......... .......... 38%  107K 2s
[2022-12-24T12:49:32.330+0000] {subprocess.py:93} INFO -    200K .......... .......... .......... .......... .......... 48% 27.4M 1s
[2022-12-24T12:49:32.331+0000] {subprocess.py:93} INFO -    250K .......... .......... .......... .......... .......... 58%  100M 1s
[2022-12-24T12:49:32.331+0000] {subprocess.py:93} INFO -    300K .......... .......... .......... .......... .......... 67%  117M 1s
[2022-12-24T12:49:32.332+0000] {subprocess.py:93} INFO -    350K .......... .......... .......... .......... .......... 77% 93.9M 0s
[2022-12-24T12:49:32.334+0000] {subprocess.py:93} INFO -    400K .......... .......... .......... .......... .......... 87% 26.7M 0s
[2022-12-24T12:49:32.339+0000] {subprocess.py:93} INFO -    450K .......... .......... .......... .......... .......... 96% 8.87M 0s
[2022-12-24T12:49:32.339+0000] {subprocess.py:93} INFO -    500K .......... ......                                     100% 56.6M=1.4s
[2022-12-24T12:49:32.340+0000] {subprocess.py:93} INFO - 
[2022-12-24T12:49:32.340+0000] {subprocess.py:93} INFO - 2022-12-24 12:49:32 (369 KB/s) - ‘tolldata.tgz’ saved [528994/528994]
[2022-12-24T12:49:32.341+0000] {subprocess.py:93} INFO - 
[2022-12-24T12:49:32.351+0000] {subprocess.py:93} INFO - fileformats.txt
[2022-12-24T12:49:32.351+0000] {subprocess.py:93} INFO - payment-data.txt
[2022-12-24T12:49:32.360+0000] {subprocess.py:93} INFO - ._tollplaza-data.tsv
[2022-12-24T12:49:32.360+0000] {subprocess.py:93} INFO - tollplaza-data.tsv
[2022-12-24T12:49:32.370+0000] {subprocess.py:93} INFO - ._vehicle-data.csv
[2022-12-24T12:49:32.371+0000] {subprocess.py:93} INFO - vehicle-data.csv
[2022-12-24T12:49:32.377+0000] {subprocess.py:97} INFO - Command exited with return code 0
[2022-12-24T12:49:32.463+0000] {taskinstance.py:1327} INFO - Marking task as SUCCESS. dag_id=ETL_toll_data, task_id=unzip_data, execution_date=20221219T174655, start_date=20221224T124928, end_date=20221224T124932
[2022-12-24T12:49:32.538+0000] {local_task_job.py:159} INFO - Task exited with return code 0
[2022-12-24T12:49:32.609+0000] {taskinstance.py:2582} INFO - 1 downstream tasks scheduled from follow-on schedule check
