[2022-12-25T13:39:52.862+0000] {taskinstance.py:1087} INFO - Dependencies all met for <TaskInstance: ETL_toll_data.unzip_data manual__2022-12-25T13:28:28.984562+00:00 [queued]>
[2022-12-25T13:39:52.871+0000] {taskinstance.py:1087} INFO - Dependencies all met for <TaskInstance: ETL_toll_data.unzip_data manual__2022-12-25T13:28:28.984562+00:00 [queued]>
[2022-12-25T13:39:52.872+0000] {taskinstance.py:1283} INFO - 
--------------------------------------------------------------------------------
[2022-12-25T13:39:52.872+0000] {taskinstance.py:1284} INFO - Starting attempt 4 of 4
[2022-12-25T13:39:52.872+0000] {taskinstance.py:1285} INFO - 
--------------------------------------------------------------------------------
[2022-12-25T13:39:52.950+0000] {taskinstance.py:1304} INFO - Executing <Task(BashOperator): unzip_data> on 2022-12-25 13:28:28.984562+00:00
[2022-12-25T13:39:52.961+0000] {standard_task_runner.py:55} INFO - Started process 410 to run task
[2022-12-25T13:39:52.971+0000] {standard_task_runner.py:82} INFO - Running: ['***', 'tasks', 'run', 'ETL_toll_data', 'unzip_data', 'manual__2022-12-25T13:28:28.984562+00:00', '--job-id', '244', '--raw', '--subdir', 'DAGS_FOLDER/toll_data_etl.py', '--cfg-path', '/tmp/tmpynttru10']
[2022-12-25T13:39:52.973+0000] {standard_task_runner.py:83} INFO - Job 244: Subtask unzip_data
[2022-12-25T13:39:53.080+0000] {task_command.py:389} INFO - Running <TaskInstance: ETL_toll_data.unzip_data manual__2022-12-25T13:28:28.984562+00:00 [running]> on host c3abbdcdc080
[2022-12-25T13:39:53.156+0000] {taskinstance.py:1513} INFO - Exporting the following env vars:
AIRFLOW_CTX_DAG_EMAIL=bala@yopmail.com
AIRFLOW_CTX_DAG_OWNER=bala
AIRFLOW_CTX_DAG_ID=ETL_toll_data
AIRFLOW_CTX_TASK_ID=unzip_data
AIRFLOW_CTX_EXECUTION_DATE=2022-12-25T13:28:28.984562+00:00
AIRFLOW_CTX_TRY_NUMBER=4
AIRFLOW_CTX_DAG_RUN_ID=manual__2022-12-25T13:28:28.984562+00:00
[2022-12-25T13:39:53.157+0000] {subprocess.py:63} INFO - Tmp dir root location: 
 /tmp
[2022-12-25T13:39:53.157+0000] {subprocess.py:75} INFO - Running command: ['/bin/bash', '-c', 'wget https://cf-courses-data.s3.us.cloud-object-storage.appdomain.cloud/IBM-DB0250EN-SkillsNetwork/labs/Final%20Assignment/tolldata.tgz &&  tar zxvf tolldata.tgz -C ./data']
[2022-12-25T13:39:53.169+0000] {subprocess.py:86} INFO - Output:
[2022-12-25T13:39:53.174+0000] {subprocess.py:93} INFO - --2022-12-25 13:39:53--  https://cf-courses-data.s3.us.cloud-object-storage.appdomain.cloud/IBM-DB0250EN-SkillsNetwork/labs/Final%20Assignment/tolldata.tgz
[2022-12-25T13:39:53.846+0000] {subprocess.py:93} INFO - Resolving cf-courses-data.s3.us.cloud-object-storage.appdomain.cloud (cf-courses-data.s3.us.cloud-object-storage.appdomain.cloud)... 169.45.118.108
[2022-12-25T13:40:59.483+0000] {subprocess.py:93} INFO - Connecting to cf-courses-data.s3.us.cloud-object-storage.appdomain.cloud (cf-courses-data.s3.us.cloud-object-storage.appdomain.cloud)|169.45.118.108|:443... connected.
[2022-12-25T13:41:00.511+0000] {subprocess.py:93} INFO - HTTP request sent, awaiting response... 200 OK
[2022-12-25T13:41:00.512+0000] {subprocess.py:93} INFO - Length: 528994 (517K) [application/x-tar]
[2022-12-25T13:41:00.513+0000] {subprocess.py:93} INFO - Saving to: ‘tolldata.tgz’
[2022-12-25T13:41:00.513+0000] {subprocess.py:93} INFO - 
[2022-12-25T13:41:01.122+0000] {subprocess.py:93} INFO -      0K .......... .......... .......... .......... ..........  9% 81.9K 6s
[2022-12-25T13:41:01.130+0000] {subprocess.py:93} INFO -     50K .......... .......... .......... .......... .......... 19% 6.00M 3s
[2022-12-25T13:41:01.435+0000] {subprocess.py:93} INFO -    100K .......... .......... .......... .......... .......... 29%  164K 2s
