[2022-12-26T05:03:09.500+0000] {taskinstance.py:1087} INFO - Dependencies all met for <TaskInstance: sparkify_etl_airflow.Stage_songs scheduled__2022-12-25T00:00:00+00:00 [queued]>
[2022-12-26T05:03:09.520+0000] {taskinstance.py:1087} INFO - Dependencies all met for <TaskInstance: sparkify_etl_airflow.Stage_songs scheduled__2022-12-25T00:00:00+00:00 [queued]>
[2022-12-26T05:03:09.520+0000] {taskinstance.py:1283} INFO - 
--------------------------------------------------------------------------------
[2022-12-26T05:03:09.520+0000] {taskinstance.py:1284} INFO - Starting attempt 1 of 4
[2022-12-26T05:03:09.520+0000] {taskinstance.py:1285} INFO - 
--------------------------------------------------------------------------------
[2022-12-26T05:03:09.565+0000] {taskinstance.py:1304} INFO - Executing <Task(StageToRedshiftOperator): Stage_songs> on 2022-12-25 00:00:00+00:00
[2022-12-26T05:03:09.571+0000] {standard_task_runner.py:55} INFO - Started process 1545 to run task
[2022-12-26T05:03:09.574+0000] {standard_task_runner.py:82} INFO - Running: ['***', 'tasks', 'run', 'sparkify_etl_***', 'Stage_songs', 'scheduled__2022-12-25T00:00:00+00:00', '--job-id', '312', '--raw', '--subdir', 'DAGS_FOLDER/s3_to_redshift.py', '--cfg-path', '/tmp/tmpedjpxc86']
[2022-12-26T05:03:09.575+0000] {standard_task_runner.py:83} INFO - Job 312: Subtask Stage_songs
[2022-12-26T05:03:10.036+0000] {task_command.py:389} INFO - Running <TaskInstance: sparkify_etl_airflow.Stage_songs scheduled__2022-12-25T00:00:00+00:00 [running]> on host 8fd7e45d4638
[2022-12-26T05:03:10.207+0000] {taskinstance.py:1513} INFO - Exporting the following env vars:
AIRFLOW_CTX_DAG_OWNER=bala
AIRFLOW_CTX_DAG_ID=sparkify_etl_***
AIRFLOW_CTX_TASK_ID=Stage_songs
AIRFLOW_CTX_EXECUTION_DATE=2022-12-25T00:00:00+00:00
AIRFLOW_CTX_TRY_NUMBER=1
AIRFLOW_CTX_DAG_RUN_ID=scheduled__2022-12-25T00:00:00+00:00
[2022-12-26T05:03:10.216+0000] {base.py:73} INFO - Using connection ID 'aws_credentials' for task execution.
[2022-12-26T05:03:10.217+0000] {connection_wrapper.py:332} INFO - AWS Connection (conn_id='aws_credentials', conn_type='aws') credentials retrieved from login and password.
[2022-12-26T05:03:10.229+0000] {stage_redshift.py:45} INFO - Copying data from S3 to Redshift staging staging_songs table
[2022-12-26T05:03:10.246+0000] {warnings.py:110} WARNING - /home/***/.local/lib/python3.7/site-packages/***/utils/context.py:205: AirflowContextDeprecationWarning: Accessing 'execution_date' from the template is deprecated and will be removed in a future version. Please use 'data_interval_start' or 'logical_date' instead.
  warnings.warn(_create_deprecation_warning(key, self._deprecation_replacements[key]))

[2022-12-26T05:03:10.247+0000] {warnings.py:110} WARNING - /home/***/.local/lib/python3.7/site-packages/***/utils/context.py:205: AirflowContextDeprecationWarning: Accessing 'next_ds' from the template is deprecated and will be removed in a future version. Please use '{{ data_interval_end | ds }}' instead.
  warnings.warn(_create_deprecation_warning(key, self._deprecation_replacements[key]))

[2022-12-26T05:03:10.247+0000] {warnings.py:110} WARNING - /home/***/.local/lib/python3.7/site-packages/***/utils/context.py:205: AirflowContextDeprecationWarning: Accessing 'next_ds_nodash' from the template is deprecated and will be removed in a future version. Please use '{{ data_interval_end | ds_nodash }}' instead.
  warnings.warn(_create_deprecation_warning(key, self._deprecation_replacements[key]))

[2022-12-26T05:03:10.247+0000] {warnings.py:110} WARNING - /home/***/.local/lib/python3.7/site-packages/***/utils/context.py:205: AirflowContextDeprecationWarning: Accessing 'next_execution_date' from the template is deprecated and will be removed in a future version. Please use 'data_interval_end' instead.
  warnings.warn(_create_deprecation_warning(key, self._deprecation_replacements[key]))

[2022-12-26T05:03:10.247+0000] {warnings.py:110} WARNING - /home/***/.local/lib/python3.7/site-packages/***/utils/context.py:205: AirflowContextDeprecationWarning: Accessing 'prev_ds' from the template is deprecated and will be removed in a future version.
  warnings.warn(_create_deprecation_warning(key, self._deprecation_replacements[key]))

[2022-12-26T05:03:10.248+0000] {warnings.py:110} WARNING - /home/***/.local/lib/python3.7/site-packages/***/utils/context.py:205: AirflowContextDeprecationWarning: Accessing 'prev_ds_nodash' from the template is deprecated and will be removed in a future version.
  warnings.warn(_create_deprecation_warning(key, self._deprecation_replacements[key]))

[2022-12-26T05:03:10.248+0000] {warnings.py:110} WARNING - /home/***/.local/lib/python3.7/site-packages/***/utils/context.py:205: AirflowContextDeprecationWarning: Accessing 'prev_execution_date' from the template is deprecated and will be removed in a future version.
  warnings.warn(_create_deprecation_warning(key, self._deprecation_replacements[key]))

[2022-12-26T05:03:10.248+0000] {warnings.py:110} WARNING - /home/***/.local/lib/python3.7/site-packages/***/utils/context.py:205: AirflowContextDeprecationWarning: Accessing 'prev_execution_date_success' from the template is deprecated and will be removed in a future version. Please use 'prev_data_interval_start_success' instead.
  warnings.warn(_create_deprecation_warning(key, self._deprecation_replacements[key]))

[2022-12-26T05:03:10.248+0000] {warnings.py:110} WARNING - /home/***/.local/lib/python3.7/site-packages/***/utils/context.py:205: AirflowContextDeprecationWarning: Accessing 'tomorrow_ds' from the template is deprecated and will be removed in a future version.
  warnings.warn(_create_deprecation_warning(key, self._deprecation_replacements[key]))

[2022-12-26T05:03:10.249+0000] {warnings.py:110} WARNING - /home/***/.local/lib/python3.7/site-packages/***/utils/context.py:205: AirflowContextDeprecationWarning: Accessing 'tomorrow_ds_nodash' from the template is deprecated and will be removed in a future version.
  warnings.warn(_create_deprecation_warning(key, self._deprecation_replacements[key]))

[2022-12-26T05:03:10.249+0000] {warnings.py:110} WARNING - /home/***/.local/lib/python3.7/site-packages/***/utils/context.py:205: AirflowContextDeprecationWarning: Accessing 'yesterday_ds' from the template is deprecated and will be removed in a future version.
  warnings.warn(_create_deprecation_warning(key, self._deprecation_replacements[key]))

[2022-12-26T05:03:10.249+0000] {warnings.py:110} WARNING - /home/***/.local/lib/python3.7/site-packages/***/utils/context.py:205: AirflowContextDeprecationWarning: Accessing 'yesterday_ds_nodash' from the template is deprecated and will be removed in a future version.
  warnings.warn(_create_deprecation_warning(key, self._deprecation_replacements[key]))

[2022-12-26T05:03:10.249+0000] {stage_redshift.py:47} INFO - Rendered Key: song_data
[2022-12-26T05:03:10.249+0000] {stage_redshift.py:59} INFO - Executing query to copy data from 's3://udacity-dend/song_data' to 'staging_songs'
[2022-12-26T05:03:10.257+0000] {base.py:73} INFO - Using connection ID 'redshift' for task execution.
[2022-12-26T05:03:11.195+0000] {sql.py:364} INFO - Running statement: 
        COPY staging_songs
        FROM 's3://udacity-dend/song_data'
        ACCESS_KEY_ID 'AKIAQYFB5QCYRS2HRLUF'
        SECRET_ACCESS_KEY '***'
        REGION AS 'us-west-2'
        JSON 'auto' COMPUPDATE OFF
        ;
    , parameters: None
[2022-12-26T05:03:40.134+0000] {local_task_job.py:224} WARNING - State of this instance has been externally set to failed. Terminating instance.
[2022-12-26T05:03:40.139+0000] {process_utils.py:133} INFO - Sending Signals.SIGTERM to group 1545. PIDs of all processes in the group: [1545]
[2022-12-26T05:03:40.140+0000] {process_utils.py:84} INFO - Sending the signal Signals.SIGTERM to group 1545
[2022-12-26T05:04:40.175+0000] {process_utils.py:147} WARNING - process psutil.Process(pid=1545, name='airflow task ru', status='sleeping', started='05:03:08') did not respond to SIGTERM. Trying SIGKILL
[2022-12-26T05:04:40.180+0000] {process_utils.py:84} INFO - Sending the signal Signals.SIGKILL to group 1545
[2022-12-26T05:04:40.194+0000] {process_utils.py:79} INFO - Process psutil.Process(pid=1545, name='airflow task ru', status='terminated', exitcode=<Negsignal.SIGKILL: -9>, started='05:03:08') (1545) terminated with exit code Negsignal.SIGKILL
[2022-12-26T05:04:40.195+0000] {standard_task_runner.py:170} ERROR - Job 312 was killed before it finished (likely due to running out of memory)
